<?xml version="1.0" encoding="UTF-8"?>
<!-- Generated by org.testng.reporters.JUnitReportReporter -->
<testsuite hostname="LAPTOP-IQ06DEC2" failures="0" tests="10" name="org.test.RecruitCRM" time="96.226" errors="0" timestamp="2023-02-10T18:09:46 IST" skipped="0">
  <testcase classname="org.test.RecruitCRM" name="canditate_Input_Field" time="9.575"/>
  <system-out/>
  <testcase classname="org.test.RecruitCRM" name="input_Field" time="5.658"/>
  <system-out/>
  <testcase classname="org.test.RecruitCRM" name="job_List" time="12.973"/>
  <system-out/>
  <testcase classname="org.test.RecruitCRM" name="candidate_Page" time="8.693"/>
  <system-out/>
  <testcase classname="org.test.RecruitCRM" name="contact_Profile_Picture_Change" time="8.782"/>
  <system-out/>
  <testcase classname="org.test.RecruitCRM" name="mailBox_Page" time="8.523"/>
  <system-out/>
  <testcase classname="org.test.RecruitCRM" name="edit_Candidate_Add_Language" time="12.052"/>
  <system-out/>
  <testcase classname="org.test.RecruitCRM" name="tasks_And_Appointments" time="14.080"/>
  <system-out/>
  <testcase classname="org.test.RecruitCRM" name="dash_Board" time="6.290"/>
  <system-out/>
  <testcase classname="org.test.RecruitCRM" name="report_Page" time="9.600"/>
  <system-out/>
</testsuite> <!-- org.test.RecruitCRM -->
